#! /usr/bin/vvp
:ivl_version "10.1 (stable)";
:ivl_delay_selection "TYPICAL";
:vpi_time_precision + 0;
:vpi_module "system";
:vpi_module "vhdl_sys";
:vpi_module "v2005_math";
:vpi_module "va_math";
S_0xecedd0 .scope module, "tb_wall_clock" "tb_wall_clock" 2 80;
 .timescale 0 0;
v0xf34bc0_0 .var "clk", 0 0;
v0xf34c80_0 .var "ena", 0 0;
v0xf34d50_0 .net "hh", 7 0, v0xf34620_0;  1 drivers
v0xf34e50_0 .net "mm", 7 0, v0xf34710_0;  1 drivers
v0xf34f20_0 .net "pm", 0 0, v0xf347f0_0;  1 drivers
v0xf35010_0 .var "reset", 0 0;
v0xf350e0_0 .net "ss", 7 0, v0xf349c0_0;  1 drivers
S_0xecef50 .scope module, "inst0" "wall_clock" 2 90, 2 1 0, S_0xecedd0;
 .timescale 0 0;
    .port_info 0 /INPUT 1 "clk"
    .port_info 1 /INPUT 1 "reset"
    .port_info 2 /INPUT 1 "ena"
    .port_info 3 /OUTPUT 1 "pm"
    .port_info 4 /OUTPUT 8 "hh"
    .port_info 5 /OUTPUT 8 "mm"
    .port_info 6 /OUTPUT 8 "ss"
v0xf0b710_0 .net "clk", 0 0, v0xf34bc0_0;  1 drivers
v0xf34560_0 .net "ena", 0 0, v0xf34c80_0;  1 drivers
v0xf34620_0 .var "hh", 7 0;
v0xf34710_0 .var "mm", 7 0;
v0xf347f0_0 .var "pm", 0 0;
v0xf34900_0 .net "reset", 0 0, v0xf35010_0;  1 drivers
v0xf349c0_0 .var "ss", 7 0;
E_0xf046b0 .event posedge, v0xf0b710_0;
    .scope S_0xecef50;
T_0 ;
    %wait E_0xf046b0;
    %load/vec4 v0xf34900_0;
    %flag_set/vec4 8;
    %jmp/0xz  T_0.0, 8;
    %pushi/vec4 18, 0, 8;
    %assign/vec4 v0xf34620_0, 0;
    %pushi/vec4 0, 0, 8;
    %assign/vec4 v0xf34710_0, 0;
    %pushi/vec4 0, 0, 8;
    %assign/vec4 v0xf349c0_0, 0;
    %pushi/vec4 0, 0, 1;
    %assign/vec4 v0xf347f0_0, 0;
    %jmp T_0.1;
T_0.0 ;
    %load/vec4 v0xf34560_0;
    %flag_set/vec4 8;
    %jmp/0xz  T_0.2, 8;
    %load/vec4 v0xf34620_0;
    %pushi/vec4 17, 0, 8;
    %cmp/e;
    %flag_get/vec4 4;
    %load/vec4 v0xf34710_0;
    %pushi/vec4 89, 0, 8;
    %cmp/e;
    %flag_get/vec4 4;
    %and;
    %load/vec4 v0xf349c0_0;
    %pushi/vec4 89, 0, 8;
    %cmp/e;
    %flag_get/vec4 4;
    %and;
    %flag_set/vec4 8;
    %jmp/0 T_0.4, 8;
    %load/vec4 v0xf347f0_0;
    %inv;
    %jmp/1 T_0.5, 8;
T_0.4 ; End of true expr.
    %load/vec4 v0xf347f0_0;
    %jmp/0 T_0.5, 8;
 ; End of false expr.
    %blend;
T_0.5;
    %assign/vec4 v0xf347f0_0, 0;
    %load/vec4 v0xf349c0_0;
    %cmpi/e 89, 0, 8;
    %jmp/0xz  T_0.6, 4;
    %pushi/vec4 0, 0, 8;
    %assign/vec4 v0xf349c0_0, 0;
    %load/vec4 v0xf34710_0;
    %cmpi/e 89, 0, 8;
    %jmp/0xz  T_0.8, 4;
    %pushi/vec4 0, 0, 8;
    %assign/vec4 v0xf34710_0, 0;
    %load/vec4 v0xf34620_0;
    %cmpi/e 18, 0, 8;
    %jmp/0xz  T_0.10, 4;
    %pushi/vec4 1, 0, 8;
    %assign/vec4 v0xf34620_0, 0;
    %jmp T_0.11;
T_0.10 ;
    %load/vec4 v0xf34620_0;
    %parti/s 4, 0, 2;
    %cmpi/e 9, 0, 4;
    %jmp/0xz  T_0.12, 4;
    %pushi/vec4 0, 0, 4;
    %ix/load 4, 0, 0;
    %ix/load 5, 0, 0;
    %flag_set/imm 4, 0;
    %assign/vec4/off/d v0xf34620_0, 4, 5;
    %load/vec4 v0xf34620_0;
    %parti/s 4, 4, 4;
    %addi 1, 0, 4;
    %ix/load 4, 4, 0;
    %ix/load 5, 0, 0;
    %flag_set/imm 4, 0;
    %assign/vec4/off/d v0xf34620_0, 4, 5;
    %jmp T_0.13;
T_0.12 ;
    %load/vec4 v0xf34620_0;
    %parti/s 4, 0, 2;
    %addi 1, 0, 4;
    %ix/load 4, 0, 0;
    %ix/load 5, 0, 0;
    %flag_set/imm 4, 0;
    %assign/vec4/off/d v0xf34620_0, 4, 5;
T_0.13 ;
T_0.11 ;
    %jmp T_0.9;
T_0.8 ;
    %load/vec4 v0xf34710_0;
    %parti/s 4, 0, 2;
    %cmpi/e 9, 0, 4;
    %jmp/0xz  T_0.14, 4;
    %pushi/vec4 0, 0, 4;
    %ix/load 4, 0, 0;
    %ix/load 5, 0, 0;
    %flag_set/imm 4, 0;
    %assign/vec4/off/d v0xf34710_0, 4, 5;
    %load/vec4 v0xf34710_0;
    %parti/s 4, 4, 4;
    %addi 1, 0, 4;
    %ix/load 4, 4, 0;
    %ix/load 5, 0, 0;
    %flag_set/imm 4, 0;
    %assign/vec4/off/d v0xf34710_0, 4, 5;
    %jmp T_0.15;
T_0.14 ;
    %load/vec4 v0xf34710_0;
    %parti/s 4, 0, 2;
    %addi 1, 0, 4;
    %ix/load 4, 0, 0;
    %ix/load 5, 0, 0;
    %flag_set/imm 4, 0;
    %assign/vec4/off/d v0xf34710_0, 4, 5;
T_0.15 ;
T_0.9 ;
    %jmp T_0.7;
T_0.6 ;
    %load/vec4 v0xf349c0_0;
    %parti/s 4, 0, 2;
    %cmpi/e 9, 0, 4;
    %jmp/0xz  T_0.16, 4;
    %pushi/vec4 0, 0, 4;
    %ix/load 4, 0, 0;
    %ix/load 5, 0, 0;
    %flag_set/imm 4, 0;
    %assign/vec4/off/d v0xf349c0_0, 4, 5;
    %load/vec4 v0xf349c0_0;
    %parti/s 4, 4, 4;
    %addi 1, 0, 4;
    %ix/load 4, 4, 0;
    %ix/load 5, 0, 0;
    %flag_set/imm 4, 0;
    %assign/vec4/off/d v0xf349c0_0, 4, 5;
    %jmp T_0.17;
T_0.16 ;
    %load/vec4 v0xf349c0_0;
    %parti/s 4, 0, 2;
    %addi 1, 0, 4;
    %ix/load 4, 0, 0;
    %ix/load 5, 0, 0;
    %flag_set/imm 4, 0;
    %assign/vec4/off/d v0xf349c0_0, 4, 5;
T_0.17 ;
T_0.7 ;
T_0.2 ;
T_0.1 ;
    %jmp T_0;
    .thread T_0;
    .scope S_0xecedd0;
T_1 ;
    %vpi_call 2 94 "$dumpvars" {0 0 0};
    %end;
    .thread T_1;
    .scope S_0xecedd0;
T_2 ;
    %pushi/vec4 0, 0, 1;
    %store/vec4 v0xf34bc0_0, 0, 1;
    %delay 1, 0;
    %pushi/vec4 0, 0, 1;
    %store/vec4 v0xf34c80_0, 0, 1;
    %delay 5, 0;
    %pushi/vec4 1, 0, 1;
    %store/vec4 v0xf34c80_0, 0, 1;
    %end;
    .thread T_2;
    .scope S_0xecedd0;
T_3 ;
    %delay 1, 0;
    %pushi/vec4 1, 0, 1;
    %store/vec4 v0xf35010_0, 0, 1;
    %delay 100, 0;
    %pushi/vec4 0, 0, 1;
    %store/vec4 v0xf35010_0, 0, 1;
    %end;
    .thread T_3;
    .scope S_0xecedd0;
T_4 ;
    %delay 5, 0;
    %load/vec4 v0xf34bc0_0;
    %inv;
    %store/vec4 v0xf34bc0_0, 0, 1;
    %jmp T_4;
    .thread T_4;
    .scope S_0xecedd0;
T_5 ;
    %delay 864000, 0;
    %vpi_call 2 115 "$finish" {0 0 0};
    %end;
    .thread T_5;
# The file index is used to find the file name in the following table.
:file_names 3;
    "N/A";
    "<interactive>";
    "wall_clock.v";
